{"C:\\Users\\Dell\\Namaste-React\\Namaste-React\\Inception\\src\\components\\Body.js": {"path":"C:\\Users\\Dell\\Namaste-React\\Namaste-React\\Inception\\src\\components\\Body.js","statementMap":{"0":{"start":{"line":10,"column":13},"end":{"line":105,"column":1}},"1":{"start":{"line":11,"column":48},"end":{"line":11,"column":60}},"2":{"start":{"line":12,"column":38},"end":{"line":12,"column":50}},"3":{"start":{"line":13,"column":54},"end":{"line":13,"column":66}},"4":{"start":{"line":14,"column":23},"end":{"line":14,"column":40}},"5":{"start":{"line":15,"column":26},"end":{"line":15,"column":50}},"6":{"start":{"line":16,"column":40},"end":{"line":16,"column":63}},"7":{"start":{"line":18,"column":2},"end":{"line":21,"column":9}},"8":{"start":{"line":19,"column":4},"end":{"line":19,"column":14}},"9":{"start":{"line":23,"column":18},"end":{"line":38,"column":3}},"10":{"start":{"line":24,"column":15},"end":{"line":26,"column":5}},"11":{"start":{"line":27,"column":15},"end":{"line":27,"column":32}},"12":{"start":{"line":29,"column":4},"end":{"line":31,"column":6}},"13":{"start":{"line":32,"column":4},"end":{"line":34,"column":6}},"14":{"start":{"line":39,"column":2},"end":{"line":39,"column":62}},"15":{"start":{"line":39,"column":30},"end":{"line":39,"column":62}},"16":{"start":{"line":41,"column":2},"end":{"line":104,"column":4}},"17":{"start":{"line":52,"column":14},"end":{"line":52,"column":44}},"18":{"start":{"line":58,"column":41},"end":{"line":60,"column":15}},"19":{"start":{"line":59,"column":16},"end":{"line":59,"column":78}},"20":{"start":{"line":61,"column":14},"end":{"line":61,"column":56}},"21":{"start":{"line":71,"column":35},"end":{"line":73,"column":15}},"22":{"start":{"line":72,"column":25},"end":{"line":72,"column":49}},"23":{"start":{"line":74,"column":14},"end":{"line":74,"column":50}},"24":{"start":{"line":88,"column":29},"end":{"line":88,"column":56}},"25":{"start":{"line":94,"column":10},"end":{"line":100,"column":17}}},"fnMap":{"0":{"name":"(anonymous_0)","decl":{"start":{"line":10,"column":13},"end":{"line":10,"column":14}},"loc":{"start":{"line":10,"column":19},"end":{"line":105,"column":1}},"line":10},"1":{"name":"(anonymous_1)","decl":{"start":{"line":18,"column":12},"end":{"line":18,"column":13}},"loc":{"start":{"line":18,"column":18},"end":{"line":21,"column":3}},"line":18},"2":{"name":"(anonymous_2)","decl":{"start":{"line":23,"column":18},"end":{"line":23,"column":19}},"loc":{"start":{"line":23,"column":30},"end":{"line":38,"column":3}},"line":23},"3":{"name":"(anonymous_3)","decl":{"start":{"line":51,"column":22},"end":{"line":51,"column":23}},"loc":{"start":{"line":51,"column":29},"end":{"line":53,"column":13}},"line":51},"4":{"name":"(anonymous_4)","decl":{"start":{"line":57,"column":21},"end":{"line":57,"column":22}},"loc":{"start":{"line":57,"column":27},"end":{"line":62,"column":13}},"line":57},"5":{"name":"(anonymous_5)","decl":{"start":{"line":58,"column":64},"end":{"line":58,"column":65}},"loc":{"start":{"line":59,"column":16},"end":{"line":59,"column":78}},"line":59},"6":{"name":"(anonymous_6)","decl":{"start":{"line":70,"column":21},"end":{"line":70,"column":22}},"loc":{"start":{"line":70,"column":27},"end":{"line":76,"column":13}},"line":70},"7":{"name":"(anonymous_7)","decl":{"start":{"line":72,"column":16},"end":{"line":72,"column":17}},"loc":{"start":{"line":72,"column":25},"end":{"line":72,"column":49}},"line":72},"8":{"name":"(anonymous_8)","decl":{"start":{"line":88,"column":22},"end":{"line":88,"column":23}},"loc":{"start":{"line":88,"column":29},"end":{"line":88,"column":56}},"line":88},"9":{"name":"(anonymous_9)","decl":{"start":{"line":93,"column":32},"end":{"line":93,"column":33}},"loc":{"start":{"line":94,"column":10},"end":{"line":100,"column":17}},"line":94}},"branchMap":{"0":{"loc":{"start":{"line":39,"column":2},"end":{"line":39,"column":62}},"type":"if","locations":[{"start":{"line":39,"column":2},"end":{"line":39,"column":62}},{"start":{},"end":{}}],"line":39},"1":{"loc":{"start":{"line":41,"column":9},"end":{"line":104,"column":3}},"type":"cond-expr","locations":[{"start":{"line":42,"column":4},"end":{"line":42,"column":15}},{"start":{"line":44,"column":4},"end":{"line":103,"column":10}}],"line":41},"2":{"loc":{"start":{"line":95,"column":13},"end":{"line":99,"column":13}},"type":"cond-expr","locations":[{"start":{"line":96,"column":14},"end":{"line":96,"column":48}},{"start":{"line":98,"column":14},"end":{"line":98,"column":43}}],"line":95}},"s":{"0":1,"1":7,"2":7,"3":7,"4":7,"5":7,"6":7,"7":7,"8":2,"9":7,"10":2,"11":2,"12":2,"13":2,"14":7,"15":0,"16":7,"17":1,"18":1,"19":20,"20":1,"21":1,"22":20,"23":1,"24":0,"25":78},"f":{"0":7,"1":2,"2":2,"3":1,"4":1,"5":20,"6":1,"7":20,"8":0,"9":78},"b":{"0":[0,7],"1":[2,5],"2":[63,15]},"_coverageSchema":"1a1c01bbd47fc00a2c39e90264f33305004495a9","hash":"3ebac0e5857736c579633596c9ed6574a1f10704"}
,"C:\\Users\\Dell\\Namaste-React\\Namaste-React\\Inception\\src\\components\\Contact.js": {"path":"C:\\Users\\Dell\\Namaste-React\\Namaste-React\\Inception\\src\\components\\Contact.js","statementMap":{"0":{"start":{"line":1,"column":16},"end":{"line":22,"column":1}},"1":{"start":{"line":2,"column":2},"end":{"line":21,"column":4}}},"fnMap":{"0":{"name":"(anonymous_0)","decl":{"start":{"line":1,"column":16},"end":{"line":1,"column":17}},"loc":{"start":{"line":1,"column":22},"end":{"line":22,"column":1}},"line":1}},"branchMap":{},"s":{"0":1,"1":1},"f":{"0":1},"b":{},"_coverageSchema":"1a1c01bbd47fc00a2c39e90264f33305004495a9","hash":"2f48cf0eb35cef6d9467a56eb95b166bee9dc0d2"}
,"C:\\Users\\Dell\\Namaste-React\\Namaste-React\\Inception\\src\\components\\Header.js": {"path":"C:\\Users\\Dell\\Namaste-React\\Namaste-React\\Inception\\src\\components\\Header.js","statementMap":{"0":{"start":{"line":8,"column":15},"end":{"line":57,"column":1}},"1":{"start":{"line":9,"column":32},"end":{"line":9,"column":49}},"2":{"start":{"line":11,"column":23},"end":{"line":11,"column":40}},"3":{"start":{"line":12,"column":27},"end":{"line":12,"column":50}},"4":{"start":{"line":14,"column":20},"end":{"line":14,"column":60}},"5":{"start":{"line":14,"column":43},"end":{"line":14,"column":59}},"6":{"start":{"line":15,"column":2},"end":{"line":15,"column":25}},"7":{"start":{"line":16,"column":2},"end":{"line":56,"column":4}},"8":{"start":{"line":44,"column":16},"end":{"line":46,"column":40}}},"fnMap":{"0":{"name":"(anonymous_0)","decl":{"start":{"line":8,"column":15},"end":{"line":8,"column":16}},"loc":{"start":{"line":8,"column":21},"end":{"line":57,"column":1}},"line":8},"1":{"name":"(anonymous_1)","decl":{"start":{"line":14,"column":32},"end":{"line":14,"column":33}},"loc":{"start":{"line":14,"column":43},"end":{"line":14,"column":59}},"line":14},"2":{"name":"(anonymous_2)","decl":{"start":{"line":43,"column":23},"end":{"line":43,"column":24}},"loc":{"start":{"line":43,"column":29},"end":{"line":47,"column":15}},"line":43}},"branchMap":{"0":{"loc":{"start":{"line":23,"column":47},"end":{"line":23,"column":73}},"type":"cond-expr","locations":[{"start":{"line":23,"column":62},"end":{"line":23,"column":66}},{"start":{"line":23,"column":69},"end":{"line":23,"column":73}}],"line":23},"1":{"loc":{"start":{"line":44,"column":16},"end":{"line":46,"column":39}},"type":"cond-expr","locations":[{"start":{"line":45,"column":20},"end":{"line":45,"column":40}},{"start":{"line":46,"column":20},"end":{"line":46,"column":39}}],"line":44}},"s":{"0":1,"1":3,"2":3,"3":3,"4":3,"5":5,"6":3,"7":3,"8":1},"f":{"0":3,"1":5,"2":1},"b":{"0":[3,0],"1":[1,0]},"_coverageSchema":"1a1c01bbd47fc00a2c39e90264f33305004495a9","hash":"bea2eadc69c2cca2923e486d80307b4e8ec5791d"}
,"C:\\Users\\Dell\\Namaste-React\\Namaste-React\\Inception\\src\\components\\Restocards.js": {"path":"C:\\Users\\Dell\\Namaste-React\\Namaste-React\\Inception\\src\\components\\Restocards.js","statementMap":{"0":{"start":{"line":5,"column":19},"end":{"line":27,"column":1}},"1":{"start":{"line":8,"column":4},"end":{"line":8,"column":17}},"2":{"start":{"line":9,"column":27},"end":{"line":9,"column":50}},"3":{"start":{"line":10,"column":2},"end":{"line":26,"column":4}},"4":{"start":{"line":29,"column":28},"end":{"line":41,"column":1}},"5":{"start":{"line":30,"column":2},"end":{"line":40,"column":4}},"6":{"start":{"line":32,"column":4},"end":{"line":39,"column":6}}},"fnMap":{"0":{"name":"(anonymous_0)","decl":{"start":{"line":5,"column":19},"end":{"line":5,"column":20}},"loc":{"start":{"line":5,"column":36},"end":{"line":27,"column":1}},"line":5},"1":{"name":"(anonymous_1)","decl":{"start":{"line":29,"column":28},"end":{"line":29,"column":29}},"loc":{"start":{"line":29,"column":44},"end":{"line":41,"column":1}},"line":29},"2":{"name":"(anonymous_2)","decl":{"start":{"line":30,"column":9},"end":{"line":30,"column":10}},"loc":{"start":{"line":30,"column":20},"end":{"line":40,"column":3}},"line":30}},"branchMap":{},"s":{"0":2,"1":79,"2":79,"3":79,"4":2,"5":7,"6":63},"f":{"0":79,"1":7,"2":63},"b":{},"_coverageSchema":"1a1c01bbd47fc00a2c39e90264f33305004495a9","hash":"4828802a158b92ce28a7339b742ddd660b1e67e4"}
,"C:\\Users\\Dell\\Namaste-React\\Namaste-React\\Inception\\src\\redux\\store.js": {"path":"C:\\Users\\Dell\\Namaste-React\\Namaste-React\\Inception\\src\\redux\\store.js","statementMap":{"0":{"start":{"line":3,"column":21},"end":{"line":7,"column":2}}},"fnMap":{},"branchMap":{},"s":{"0":1},"f":{},"b":{},"_coverageSchema":"1a1c01bbd47fc00a2c39e90264f33305004495a9","hash":"71a20c286229d75a5ebc55739b1cd342c6c6a80e"}
}
