{"C:\\Users\\Dell\\Namaste-React\\Namaste-React\\Inception\\src\\components\\ItemList.js": {"path":"C:\\Users\\Dell\\Namaste-React\\Namaste-React\\Inception\\src\\components\\ItemList.js","statementMap":{"0":{"start":{"line":6,"column":17},"end":{"line":37,"column":1}},"1":{"start":{"line":7,"column":19},"end":{"line":7,"column":32}},"2":{"start":{"line":8,"column":28},"end":{"line":10,"column":3}},"3":{"start":{"line":9,"column":4},"end":{"line":9,"column":28}},"4":{"start":{"line":11,"column":2},"end":{"line":36,"column":4}},"5":{"start":{"line":14,"column":8},"end":{"line":33,"column":10}},"6":{"start":{"line":28,"column":39},"end":{"line":28,"column":62}}},"fnMap":{"0":{"name":"(anonymous_0)","decl":{"start":{"line":6,"column":17},"end":{"line":6,"column":18}},"loc":{"start":{"line":6,"column":43},"end":{"line":37,"column":1}},"line":6},"1":{"name":"(anonymous_1)","decl":{"start":{"line":8,"column":28},"end":{"line":8,"column":29}},"loc":{"start":{"line":8,"column":38},"end":{"line":10,"column":3}},"line":8},"2":{"name":"(anonymous_2)","decl":{"start":{"line":13,"column":21},"end":{"line":13,"column":22}},"loc":{"start":{"line":13,"column":31},"end":{"line":34,"column":7}},"line":13},"3":{"name":"(anonymous_3)","decl":{"start":{"line":28,"column":33},"end":{"line":28,"column":34}},"loc":{"start":{"line":28,"column":39},"end":{"line":28,"column":62}},"line":28}},"branchMap":{},"s":{"0":1,"1":0,"2":0,"3":0,"4":0,"5":0,"6":0},"f":{"0":0,"1":0,"2":0,"3":0},"b":{},"_coverageSchema":"1a1c01bbd47fc00a2c39e90264f33305004495a9","hash":"6ab02b6ed0fa2a8bf667e13f16dd7c9befc54f32"}
,"C:\\Users\\Dell\\Namaste-React\\Namaste-React\\Inception\\src\\components\\RestaurantCategory.js": {"path":"C:\\Users\\Dell\\Namaste-React\\Namaste-React\\Inception\\src\\components\\RestaurantCategory.js","statementMap":{"0":{"start":{"line":4,"column":27},"end":{"line":31,"column":1}},"1":{"start":{"line":5,"column":34},"end":{"line":5,"column":49}},"2":{"start":{"line":6,"column":22},"end":{"line":9,"column":3}},"3":{"start":{"line":7,"column":4},"end":{"line":7,"column":19}},"4":{"start":{"line":8,"column":4},"end":{"line":8,"column":27}},"5":{"start":{"line":11,"column":2},"end":{"line":30,"column":4}}},"fnMap":{"0":{"name":"(anonymous_0)","decl":{"start":{"line":4,"column":27},"end":{"line":4,"column":28}},"loc":{"start":{"line":4,"column":73},"end":{"line":31,"column":1}},"line":4},"1":{"name":"(anonymous_1)","decl":{"start":{"line":6,"column":22},"end":{"line":6,"column":23}},"loc":{"start":{"line":6,"column":28},"end":{"line":9,"column":3}},"line":6}},"branchMap":{"0":{"loc":{"start":{"line":24,"column":11},"end":{"line":26,"column":11}},"type":"binary-expr","locations":[{"start":{"line":24,"column":11},"end":{"line":24,"column":20}},{"start":{"line":24,"column":24},"end":{"line":24,"column":32}},{"start":{"line":25,"column":12},"end":{"line":25,"column":65}}],"line":24}},"s":{"0":1,"1":1,"2":1,"3":0,"4":0,"5":1},"f":{"0":1,"1":0},"b":{"0":[1,0,0]},"_coverageSchema":"1a1c01bbd47fc00a2c39e90264f33305004495a9","hash":"7be0cb65b81905447fa5e51429afdb19a1a06885"}
,"C:\\Users\\Dell\\Namaste-React\\Namaste-React\\Inception\\src\\components\\RestaurantMenu.js": {"path":"C:\\Users\\Dell\\Namaste-React\\Namaste-React\\Inception\\src\\components\\RestaurantMenu.js","statementMap":{"0":{"start":{"line":6,"column":23},"end":{"line":39,"column":1}},"1":{"start":{"line":7,"column":18},"end":{"line":7,"column":29}},"2":{"start":{"line":9,"column":15},"end":{"line":9,"column":39}},"3":{"start":{"line":10,"column":36},"end":{"line":10,"column":50}},"4":{"start":{"line":11,"column":16},"end":{"line":11,"column":28}},"5":{"start":{"line":12,"column":2},"end":{"line":12,"column":40}},"6":{"start":{"line":12,"column":21},"end":{"line":12,"column":40}},"7":{"start":{"line":13,"column":41},"end":{"line":13,"column":73}},"8":{"start":{"line":16,"column":4},"end":{"line":21,"column":6}},"9":{"start":{"line":17,"column":6},"end":{"line":20,"column":8}},"10":{"start":{"line":23,"column":2},"end":{"line":38,"column":4}},"11":{"start":{"line":27,"column":8},"end":{"line":35,"column":10}},"12":{"start":{"line":32,"column":32},"end":{"line":32,"column":51}}},"fnMap":{"0":{"name":"(anonymous_0)","decl":{"start":{"line":6,"column":23},"end":{"line":6,"column":24}},"loc":{"start":{"line":6,"column":29},"end":{"line":39,"column":1}},"line":6},"1":{"name":"(anonymous_1)","decl":{"start":{"line":16,"column":70},"end":{"line":16,"column":71}},"loc":{"start":{"line":16,"column":77},"end":{"line":21,"column":5}},"line":16},"2":{"name":"(anonymous_2)","decl":{"start":{"line":26,"column":22},"end":{"line":26,"column":23}},"loc":{"start":{"line":26,"column":43},"end":{"line":36,"column":7}},"line":26},"3":{"name":"(anonymous_3)","decl":{"start":{"line":32,"column":26},"end":{"line":32,"column":27}},"loc":{"start":{"line":32,"column":32},"end":{"line":32,"column":51}},"line":32}},"branchMap":{"0":{"loc":{"start":{"line":12,"column":2},"end":{"line":12,"column":40}},"type":"if","locations":[{"start":{"line":12,"column":2},"end":{"line":12,"column":40}},{"start":{},"end":{}}],"line":12},"1":{"loc":{"start":{"line":31,"column":23},"end":{"line":31,"column":57}},"type":"cond-expr","locations":[{"start":{"line":31,"column":45},"end":{"line":31,"column":49}},{"start":{"line":31,"column":52},"end":{"line":31,"column":57}}],"line":31}},"s":{"0":1,"1":2,"2":2,"3":2,"4":2,"5":2,"6":1,"7":1,"8":1,"9":16,"10":1,"11":1,"12":0},"f":{"0":2,"1":16,"2":1,"3":0},"b":{"0":[1,1],"1":[0,1]},"_coverageSchema":"1a1c01bbd47fc00a2c39e90264f33305004495a9","hash":"d18666760a327952c4f5f91c420773a0bfc3dc63"}
,"C:\\Users\\Dell\\Namaste-React\\Namaste-React\\Inception\\src\\redux\\store.js": {"path":"C:\\Users\\Dell\\Namaste-React\\Namaste-React\\Inception\\src\\redux\\store.js","statementMap":{"0":{"start":{"line":3,"column":21},"end":{"line":7,"column":2}}},"fnMap":{},"branchMap":{},"s":{"0":1},"f":{},"b":{},"_coverageSchema":"1a1c01bbd47fc00a2c39e90264f33305004495a9","hash":"71a20c286229d75a5ebc55739b1cd342c6c6a80e"}
,"C:\\Users\\Dell\\Namaste-React\\Namaste-React\\Inception\\src\\utils\\useRestaurantMenu.js": {"path":"C:\\Users\\Dell\\Namaste-React\\Namaste-React\\Inception\\src\\utils\\useRestaurantMenu.js","statementMap":{"0":{"start":{"line":3,"column":26},"end":{"line":16,"column":1}},"1":{"start":{"line":4,"column":26},"end":{"line":4,"column":40}},"2":{"start":{"line":5,"column":2},"end":{"line":7,"column":9}},"3":{"start":{"line":6,"column":4},"end":{"line":6,"column":15}},"4":{"start":{"line":9,"column":19},"end":{"line":14,"column":3}},"5":{"start":{"line":10,"column":21},"end":{"line":10,"column":49}},"6":{"start":{"line":11,"column":21},"end":{"line":11,"column":42}},"7":{"start":{"line":13,"column":4},"end":{"line":13,"column":27}},"8":{"start":{"line":15,"column":2},"end":{"line":15,"column":14}}},"fnMap":{"0":{"name":"(anonymous_0)","decl":{"start":{"line":3,"column":26},"end":{"line":3,"column":27}},"loc":{"start":{"line":3,"column":37},"end":{"line":16,"column":1}},"line":3},"1":{"name":"(anonymous_1)","decl":{"start":{"line":5,"column":12},"end":{"line":5,"column":13}},"loc":{"start":{"line":5,"column":18},"end":{"line":7,"column":3}},"line":5},"2":{"name":"(anonymous_2)","decl":{"start":{"line":9,"column":19},"end":{"line":9,"column":20}},"loc":{"start":{"line":9,"column":31},"end":{"line":14,"column":3}},"line":9}},"branchMap":{},"s":{"0":1,"1":2,"2":2,"3":1,"4":2,"5":1,"6":1,"7":1,"8":2},"f":{"0":2,"1":1,"2":1},"b":{},"_coverageSchema":"1a1c01bbd47fc00a2c39e90264f33305004495a9","hash":"87f653a8f205afd88158f7a7210a95335355d376"}
}
