TN:
SF:src\components\Body.js
FN:10,(anonymous_0)
FN:18,(anonymous_1)
FN:23,(anonymous_2)
FN:51,(anonymous_3)
FN:57,(anonymous_4)
FN:58,(anonymous_5)
FN:70,(anonymous_6)
FN:72,(anonymous_7)
FN:88,(anonymous_8)
FN:93,(anonymous_9)
FNF:10
FNH:9
FNDA:7,(anonymous_0)
FNDA:2,(anonymous_1)
FNDA:2,(anonymous_2)
FNDA:1,(anonymous_3)
FNDA:1,(anonymous_4)
FNDA:20,(anonymous_5)
FNDA:1,(anonymous_6)
FNDA:20,(anonymous_7)
FNDA:0,(anonymous_8)
FNDA:78,(anonymous_9)
DA:10,1
DA:11,7
DA:12,7
DA:13,7
DA:14,7
DA:15,7
DA:16,7
DA:18,7
DA:19,2
DA:23,7
DA:24,2
DA:27,2
DA:29,2
DA:32,2
DA:39,7
DA:41,7
DA:52,1
DA:58,1
DA:59,20
DA:61,1
DA:71,1
DA:72,20
DA:74,1
DA:88,0
DA:94,78
LF:25
LH:24
BRDA:39,0,0,0
BRDA:39,0,1,7
BRDA:41,1,0,2
BRDA:41,1,1,5
BRDA:95,2,0,63
BRDA:95,2,1,15
BRF:6
BRH:5
end_of_record
TN:
SF:src\components\Contact.js
FN:1,(anonymous_0)
FNF:1
FNH:1
FNDA:1,(anonymous_0)
DA:1,1
DA:2,1
LF:2
LH:2
BRF:0
BRH:0
end_of_record
TN:
SF:src\components\Header.js
FN:8,(anonymous_0)
FN:14,(anonymous_1)
FN:43,(anonymous_2)
FNF:3
FNH:3
FNDA:3,(anonymous_0)
FNDA:5,(anonymous_1)
FNDA:1,(anonymous_2)
DA:8,1
DA:9,3
DA:11,3
DA:12,3
DA:14,5
DA:15,3
DA:16,3
DA:44,1
LF:8
LH:8
BRDA:23,0,0,3
BRDA:23,0,1,0
BRDA:44,1,0,1
BRDA:44,1,1,0
BRF:4
BRH:2
end_of_record
TN:
SF:src\components\Restocards.js
FN:5,(anonymous_0)
FN:29,(anonymous_1)
FN:30,(anonymous_2)
FNF:3
FNH:3
FNDA:79,(anonymous_0)
FNDA:7,(anonymous_1)
FNDA:63,(anonymous_2)
DA:5,2
DA:8,79
DA:9,79
DA:10,79
DA:29,2
DA:30,7
DA:32,63
LF:7
LH:7
BRF:0
BRH:0
end_of_record
TN:
SF:src\redux\store.js
FNF:0
FNH:0
DA:3,1
LF:1
LH:1
BRF:0
BRH:0
end_of_record
